Unauthorized: /api/restaurants/
Not Found: /static/rest_framework/css/bootstrap.min.css
Not Found: /static/rest_framework/css/bootstrap-tweaks.css
Not Found: /static/rest_framework/css/default.css
Not Found: /static/rest_framework/js/jquery-3.5.1.min.js
Not Found: /static/rest_framework/css/prettify.css
Not Found: /static/rest_framework/js/ajax-form.js
Not Found: /static/rest_framework/js/csrf.js
Not Found: /static/rest_framework/js/bootstrap.min.js
Not Found: /static/rest_framework/js/default.js
Not Found: /static/rest_framework/js/prettify-min.js
Not Found: /static/rest_framework/js/jquery-3.5.1.min.js
Not Found: /static/rest_framework/js/ajax-form.js
Not Found: /static/rest_framework/js/csrf.js
Not Found: /static/rest_framework/js/bootstrap.min.js
Not Found: /static/rest_framework/js/prettify-min.js
Not Found: /static/rest_framework/js/default.js
Not Found: /
Not Found: /favicon.ico
Not Found: /
Not Found: /
Unauthorized: /api/auth/token/verify/
Not Found: /
Not Found: /
Not Found: /favicon.ico
Not Found: /
Not Found: /
Not Found: /
Not Found: /favicon.ico
Not Found: /
Not Found: /
Not Found: /
Not Found: /
Not Found: /robots.txt
Not Found: /feed/
Not Found: /
Not Found: /
Not Found: /wp-content/uploads/2017/08/3-150x150.jpg
Not Found: /wp-content/uploads/2017/08/3-70x70.jpg
Not Found: /
Not Found: /
Not Found: /wp-content/uploads/2017/07/11-300x300.jpg
Not Found: /blog/
Not Found: /
Not Found: /
Not Found: /wishlist/
Not Found: /wishlist-2/
Not Found: /wp-content/uploads/2017/07/11-150x150.jpg
Not Found: /
[UID:1503][1241531] Child process with pid: 1242177 was killed by signal: 15, core dump: 0
Not Found: /wp-content/uploads/2017/07/5-70x70.jpg
Not Found: /wp-content/uploads/2017/07/9-70x70.jpg
Not Found: /wp-content/uploads/2017/07/5-150x150.jpg
Not Found: /wp-content/uploads/2017/07/10-150x150.jpg
Not Found: /wp-content/uploads/2017/07/11-600x600.jpg
Not Found: /wp-content/uploads/2017/07/9-300x300.jpg
Not Found: /wp-content/uploads/2017/07/5-600x600.jpg
[UID:1503][3064380] Child process with pid: 3065108 was killed by signal: 15, core dump: 0
Not Found: /wp-content/uploads/2017/07/5-100x100.jpg
Not Found: /
Not Found: /favicon.ico
Not Found: /
Not Found: /wp-content/uploads/2017/07/9-600x600.jpg
Not Found: /wp-content/uploads/2017/07/9.jpg
Not Found: /wp-content/uploads/2017/07/9-150x150.jpg
Not Found: /wp-content/uploads/2017/07/12-600x600.jpg
Not Found: /
Not Found: /robots.txt
Not Found: /robots.txt
Not Found: /
Not Found: /favicon.ico
Not Found: /robots.txt
Not Found: /wp-content/uploads/2017/07/10-300x300.jpg
Not Found: /robots.txt
Not Found: /robots.txt
Unauthorized: /api/restaurants/
Unauthorized: /api/restaurants/
Not Found: /static/rest_framework/css/bootstrap-tweaks.css
Not Found: /static/rest_framework/css/bootstrap.min.css
Not Found: /static/rest_framework/css/prettify.css
Not Found: /static/rest_framework/css/default.css
Not Found: /static/rest_framework/js/jquery-3.5.1.min.js
Not Found: /static/rest_framework/js/ajax-form.js
Not Found: /static/rest_framework/js/csrf.js
Not Found: /static/rest_framework/js/bootstrap.min.js
Not Found: /static/rest_framework/js/prettify-min.js
Not Found: /static/rest_framework/js/default.js
Not Found: /favicon.ico
Method Not Allowed: /api/auth/change-password/
Not Found: /static/rest_framework/css/bootstrap.min.css
Not Found: /static/rest_framework/css/bootstrap-tweaks.css
Not Found: /static/rest_framework/js/ajax-form.js
Not Found: /static/rest_framework/js/csrf.js
Not Found: /static/rest_framework/css/prettify.css
Not Found: /static/rest_framework/js/default.js
Not Found: /static/rest_framework/js/prettify-min.js
Not Found: /static/rest_framework/js/bootstrap.min.js
Not Found: /static/rest_framework/css/default.css
Not Found: /static/rest_framework/js/jquery-3.5.1.min.js
Not Found: /static/rest_framework/js/ajax-form.js
Not Found: /static/rest_framework/js/csrf.js
Not Found: /static/rest_framework/js/bootstrap.min.js
Not Found: /static/rest_framework/js/prettify-min.js
Not Found: /static/rest_framework/js/default.js
Method Not Allowed: /api/auth/forgot-password/
Not Found: /static/rest_framework/css/bootstrap.min.css
Not Found: /static/rest_framework/css/prettify.css
Not Found: /static/rest_framework/css/default.css
Not Found: /static/rest_framework/js/jquery-3.5.1.min.js
Not Found: /static/rest_framework/js/csrf.js
Not Found: /static/rest_framework/js/ajax-form.js
Not Found: /static/rest_framework/js/bootstrap.min.js
Not Found: /static/rest_framework/css/bootstrap-tweaks.css
Not Found: /static/rest_framework/js/prettify-min.js
Not Found: /static/rest_framework/js/default.js
Not Found: /static/rest_framework/js/jquery-3.5.1.min.js
Not Found: /static/rest_framework/js/ajax-form.js
Not Found: /static/rest_framework/js/csrf.js
Not Found: /static/rest_framework/js/bootstrap.min.js
Not Found: /static/rest_framework/js/prettify-min.js
Not Found: /static/rest_framework/js/default.js
Not Found: /api
Not Found: /api/
Not Found: /favicon.ico
Not Found: /wp-content/uploads/2017/07/12-300x300.jpg
Unauthorized: /api/auth/token/
Not Found: /wp-content/uploads/2017/07/9-768x768.jpg
{'email': 'admonxetrii@gmail.com', 'username': 'admonx', 'phone_number': '9856754231', 'password': '123', 'confirm_password': '123'}
{'email': 'admonxetrii@gmail.com', 'username': 'admonx', 'phone_number': '9856754231', 'password': '123', 'confirm_password': '123'}
{'email': 'admonxetrii@gmail.com', 'username': 'admonx1', 'phone_number': '9856754231', 'password': '123', 'confirm_password': '123'}
{'email': 'admonxetrii@gmail.com', 'username': 'admonx1', 'phone_number': '9856754231', 'password': '123', 'confirm_password': '123'}
{'email': 'an@gm.com', 'username': 'angbo', 'phone_number': '9812345786', 'password': '123', 'confirm_password': '123'}
{'username': 'angbo', 'email': 'an@gm.com', 'password': '123', 'confirm_password': '123', 'phone_number': '9812345786'}
Error 111 connecting to 127.0.0.1:6379. Connection refused.
{'email': 'an@gm.com', 'username': 'angbo', 'phone_number': '9812345786', 'password': '123', 'confirm_password': '123'}
Unauthorized: /api/auth/token/
Unauthorized: /api/auth/token/
{'email': '123@abc.com', 'username': 'saugat', 'phone_number': '9898989898', 'password': 'rawraw', 'confirm_password': 'rawraw'}
{'username': 'saugat', 'email': '123@abc.com', 'password': 'rawraw', 'confirm_password': 'rawraw', 'phone_number': '9898989898'}
Error 111 connecting to 127.0.0.1:6379. Connection refused.
{'email': '123@abc.com', 'username': 'saugat', 'phone_number': '9898989898', 'password': 'rawraw', 'confirm_password': 'rawraw'}
{'email': '123@abc.com', 'username': 'saugat', 'phone_number': '9898989898', 'password': 'Around@123', 'confirm_password': 'Around@123'}
{'email': '123@abc.com', 'username': 'saugat', 'phone_number': '9898989898', 'password': 'rawraw', 'confirm_password': 'rawraw'}
{'email': 'yaak@gmail.com', 'username': 'tintu78', 'phone_number': '9856454567', 'password': 'A@12345', 'confirm_password': 'A@12345'}
{'username': 'tintu78', 'email': 'yaak@gmail.com', 'password': 'A@12345', 'confirm_password': 'A@12345', 'phone_number': '9856454567'}
Error 111 connecting to 127.0.0.1:6379. Connection refused.
Not Found: /wp-content/uploads/2017/07/5-300x300.jpg
Not Found: /
Not Found: /
Not Found: /robots.txt
Not Found: /
Invalid HTTP_HOST header: 'www.thejoyfuljwells.hanumanconstruction.com'. You may need to add 'www.thejoyfuljwells.hanumanconstruction.com' to ALLOWED_HOSTS.
[UID:1503][851553] Child process with pid: 852159 was killed by signal: 15, core dump: 0
Not Found: /robots.txt
Not Found: /
Not Found: /
Not Found: /
Not Found: /
Not Found: /
Not Found: /
Not Found: /robots.txt
Not Found: /
Not Found: /wp-sitemap-taxonomies-post_tag-1.xml
Not Found: /wp-sitemap-taxonomies-post_format-1.xml
Not Found: /
Not Found: /favicon.ico
Not Found: /
Not Found: /
Not Found: /
Not Found: /
Not Found: /
Not Found: /
Not Found: /wp-includes/wlwmanifest.xml
Not Found: /xmlrpc.php
Not Found: /
Not Found: /blog/wp-includes/wlwmanifest.xml
Not Found: /web/wp-includes/wlwmanifest.xml
Not Found: /wordpress/wp-includes/wlwmanifest.xml
Not Found: /website/wp-includes/wlwmanifest.xml
Not Found: /wp/wp-includes/wlwmanifest.xml
Not Found: /news/wp-includes/wlwmanifest.xml
Not Found: /2020/wp-includes/wlwmanifest.xml
Not Found: /2019/wp-includes/wlwmanifest.xml
Not Found: /shop/wp-includes/wlwmanifest.xml
Not Found: /wp1/wp-includes/wlwmanifest.xml
Not Found: /test/wp-includes/wlwmanifest.xml
Not Found: /wp2/wp-includes/wlwmanifest.xml
Not Found: /site/wp-includes/wlwmanifest.xml
Not Found: /cms/wp-includes/wlwmanifest.xml
Not Found: /sito/wp-includes/wlwmanifest.xml
Not Found: /wp-sitemap-posts-post-1.xml
Not Found: /.env
